2022-10-24 14:17:24,123 INFO o.a.j.u.JMeterUtils: Setting Locale to en_EN
2022-10-24 14:17:24,139 INFO o.a.j.JMeter: Loading user properties from: /opt/homebrew/Cellar/jmeter/5.5/libexec/bin/user.properties
2022-10-24 14:17:24,139 INFO o.a.j.JMeter: Loading system properties from: /opt/homebrew/Cellar/jmeter/5.5/libexec/bin/system.properties
2022-10-24 14:17:24,141 INFO o.a.j.JMeter: Copyright (c) 1998-2022 The Apache Software Foundation
2022-10-24 14:17:24,142 INFO o.a.j.JMeter: Version 5.5
2022-10-24 14:17:24,142 INFO o.a.j.JMeter: java.version=19
2022-10-24 14:17:24,142 INFO o.a.j.JMeter: java.vm.name=OpenJDK 64-Bit Server VM
2022-10-24 14:17:24,142 INFO o.a.j.JMeter: os.name=Mac OS X
2022-10-24 14:17:24,142 INFO o.a.j.JMeter: os.arch=aarch64
2022-10-24 14:17:24,142 INFO o.a.j.JMeter: os.version=12.6
2022-10-24 14:17:24,142 INFO o.a.j.JMeter: file.encoding=UTF-8
2022-10-24 14:17:24,142 INFO o.a.j.JMeter: java.awt.headless=null
2022-10-24 14:17:24,142 INFO o.a.j.JMeter: Max memory     =1073741824
2022-10-24 14:17:24,142 INFO o.a.j.JMeter: Available Processors =10
2022-10-24 14:17:24,147 INFO o.a.j.JMeter: Default Locale=English (EN)
2022-10-24 14:17:24,148 INFO o.a.j.JMeter: JMeter  Locale=English (EN)
2022-10-24 14:17:24,148 INFO o.a.j.JMeter: JMeterHome=/opt/homebrew/Cellar/jmeter/5.5/libexec
2022-10-24 14:17:24,148 INFO o.a.j.JMeter: user.dir  =/Users/iwasa.takahito/src/aws-cfn-alb-ec2
2022-10-24 14:17:24,148 INFO o.a.j.JMeter: PWD       =/Users/iwasa.takahito/src/aws-cfn-alb-ec2
2022-10-24 14:17:34,182 INFO o.a.j.JMeter: IP: 192.168.0.36 Name: HL01200 FullName: 192.168.0.36
2022-10-24 14:17:34,189 INFO o.a.j.JMeter: Loaded icon properties from org/apache/jmeter/images/icon.properties
2022-10-24 14:17:34,820 INFO o.a.j.JMeterGuiLauncher: Setting LAF to: com.github.weisj.darklaf.DarkLaf:com.github.weisj.darklaf.theme.DarculaTheme
2022-10-24 14:17:36,327 INFO o.j.r.JARSourceHTTP: Requesting https://jmeter-plugins.org/repo/?installID=mac_os_x-eec2c46ad5ad8cece20c2a8415b8235e-gui
2022-10-24 14:17:38,275 INFO o.j.r.PluginManager: Plugins Status: [jpgc-plugins-manager=1.7, jmeter-core=5.5, jmeter-ftp=5.5, jmeter-http=5.5, jmeter-jdbc=5.5, jmeter-jms=5.5, jmeter-junit=5.5, jmeter-java=5.5, jmeter-ldap=5.5, jmeter-mail=5.5, jmeter-mongodb=5.5, jmeter-native=5.5, jmeter-tcp=5.5, jmeter-components=5.5]
2022-10-24 14:17:38,276 INFO o.j.r.PluginManagerMenuItem: Plugins Manager has upgrades: [jpgc-plugins-manager]
2022-10-24 14:19:57,628 INFO o.a.j.p.h.s.HTTPSamplerBase: Parser for text/html is org.apache.jmeter.protocol.http.parser.LagartoBasedHtmlParser
2022-10-24 14:19:57,628 INFO o.a.j.p.h.s.HTTPSamplerBase: Parser for application/xhtml+xml is org.apache.jmeter.protocol.http.parser.LagartoBasedHtmlParser
2022-10-24 14:19:57,628 INFO o.a.j.p.h.s.HTTPSamplerBase: Parser for application/xml is org.apache.jmeter.protocol.http.parser.LagartoBasedHtmlParser
2022-10-24 14:19:57,628 INFO o.a.j.p.h.s.HTTPSamplerBase: Parser for text/xml is org.apache.jmeter.protocol.http.parser.LagartoBasedHtmlParser
2022-10-24 14:19:57,628 INFO o.a.j.p.h.s.HTTPSamplerBase: Parser for text/vnd.wap.wml is org.apache.jmeter.protocol.http.parser.RegexpHTMLParser
2022-10-24 14:19:57,628 INFO o.a.j.p.h.s.HTTPSamplerBase: Parser for text/css is org.apache.jmeter.protocol.http.parser.CssParser
2022-10-24 14:30:20,479 INFO o.a.j.g.a.t.TemplateManager: Reading templates from: /opt/homebrew/Cellar/jmeter/5.5/libexec/bin/templates/templates.xml
2022-10-24 14:30:57,697 INFO o.a.j.s.FileServer: Default base='/Users/iwasa.takahito/src/aws-cfn-alb-ec2'
2022-10-24 14:30:57,698 INFO o.a.j.s.FileServer: Set new base='/Users/iwasa.takahito/Downloads'
2022-10-24 14:30:57,794 INFO o.a.j.s.SaveService: Testplan (JMX) version: 2.2. Testlog (JTL) version: 2.2
2022-10-24 14:30:57,799 INFO o.a.j.s.SaveService: Using SaveService properties version 5.0
2022-10-24 14:30:57,800 INFO o.a.j.s.SaveService: Using SaveService properties file encoding UTF-8
2022-10-24 14:35:41,600 INFO o.a.j.e.StandardJMeterEngine: Running the test!
2022-10-24 14:35:41,601 INFO o.a.j.s.SampleEvent: List of sample_variables: []
2022-10-24 14:35:41,601 INFO o.a.j.s.SampleEvent: List of sample_variables: []
2022-10-24 14:35:41,601 INFO o.a.j.e.u.CompoundVariable: Note: Function class names must contain the string: '.functions.'
2022-10-24 14:35:41,602 INFO o.a.j.e.u.CompoundVariable: Note: Function class names must not contain the string: '.gui.'
2022-10-24 14:35:41,620 INFO o.a.j.g.u.JMeterMenuBar: setRunning(true, *local*)
2022-10-24 14:35:41,631 INFO o.a.j.e.StandardJMeterEngine: Starting ThreadGroup: 1 : Thread Group
2022-10-24 14:35:41,631 INFO o.a.j.e.StandardJMeterEngine: Starting 5 threads for group Thread Group.
2022-10-24 14:35:41,631 INFO o.a.j.e.StandardJMeterEngine: Thread will continue on error
2022-10-24 14:35:41,631 INFO o.a.j.t.ThreadGroup: Starting thread group... number=1 threads=5 ramp-up=1 delayedStart=false
2022-10-24 14:35:41,633 INFO o.a.j.t.JMeterThread: Thread started: Thread Group 1-1
2022-10-24 14:35:41,633 INFO o.a.j.t.ThreadGroup: Started thread group number 1
2022-10-24 14:35:41,633 INFO o.a.j.e.StandardJMeterEngine: All thread groups have been started
2022-10-24 14:35:41,636 INFO o.a.j.p.h.s.HTTPHCAbstractImpl: Local host = HL01200
2022-10-24 14:35:41,640 INFO o.a.j.p.h.s.HTTPHC4Impl: HTTP request retry count = 0
2022-10-24 14:35:41,641 INFO o.a.j.s.SampleResult: Note: Sample TimeStamps are START times
2022-10-24 14:35:41,641 INFO o.a.j.s.SampleResult: sampleresult.default.encoding is set to ISO-8859-1
2022-10-24 14:35:41,641 INFO o.a.j.s.SampleResult: sampleresult.useNanoTime=true
2022-10-24 14:35:41,641 INFO o.a.j.s.SampleResult: sampleresult.nanoThreadSleep=5000
2022-10-24 14:35:41,765 INFO o.a.j.p.h.s.h.LazyLayeredConnectionSocketFactory: Setting up HTTPS TrustAll Socket Factory
2022-10-24 14:35:41,766 INFO o.a.j.u.JsseSSLManager: Using default SSL protocol: TLS
2022-10-24 14:35:41,766 INFO o.a.j.u.JsseSSLManager: SSL session context: per-thread
2022-10-24 14:35:41,792 INFO o.a.j.u.SSLManager: JmeterKeyStore Location:  type JKS
2022-10-24 14:35:41,792 INFO o.a.j.u.SSLManager: KeyStore created OK
2022-10-24 14:35:41,792 WARN o.a.j.u.SSLManager: Keystore file not found, loading empty keystore
2022-10-24 14:35:41,836 INFO o.a.j.t.JMeterThread: Thread started: Thread Group 1-2
2022-10-24 14:35:42,040 INFO o.a.j.t.JMeterThread: Thread started: Thread Group 1-3
2022-10-24 14:35:42,236 INFO o.a.j.t.JMeterThread: Thread started: Thread Group 1-4
2022-10-24 14:35:42,436 INFO o.a.j.t.JMeterThread: Thread started: Thread Group 1-5
2022-10-24 14:35:51,935 INFO o.a.j.t.JMeterThread: Thread is done: Thread Group 1-4
2022-10-24 14:35:51,935 INFO o.a.j.t.JMeterThread: Thread is done: Thread Group 1-3
2022-10-24 14:35:51,935 INFO o.a.j.t.JMeterThread: Thread is done: Thread Group 1-2
2022-10-24 14:35:51,935 INFO o.a.j.t.JMeterThread: Thread finished: Thread Group 1-4
2022-10-24 14:35:51,935 INFO o.a.j.t.JMeterThread: Thread finished: Thread Group 1-3
2022-10-24 14:35:51,935 INFO o.a.j.t.JMeterThread: Thread finished: Thread Group 1-2
2022-10-24 14:35:51,935 INFO o.a.j.t.JMeterThread: Thread is done: Thread Group 1-1
2022-10-24 14:35:51,935 INFO o.a.j.t.JMeterThread: Thread finished: Thread Group 1-1
2022-10-24 14:35:51,935 INFO o.a.j.t.JMeterThread: Thread is done: Thread Group 1-5
2022-10-24 14:35:51,935 INFO o.a.j.t.JMeterThread: Thread finished: Thread Group 1-5
2022-10-24 14:35:51,936 INFO o.a.j.e.StandardJMeterEngine: Notifying test listeners of end of test
2022-10-24 14:35:51,936 INFO o.a.j.g.u.JMeterMenuBar: setRunning(false, *local*)
2022-10-24 14:36:22,789 INFO o.a.j.v.ViewResultsFullVisualizer: Add JavaFX to your Java installation if you want to use renderer: org.apache.jmeter.visualizers.RenderInBrowser
2022-10-24 14:37:25,691 INFO o.a.j.e.StandardJMeterEngine: Running the test!
2022-10-24 14:37:25,691 INFO o.a.j.s.SampleEvent: List of sample_variables: []
2022-10-24 14:37:25,692 INFO o.a.j.g.u.JMeterMenuBar: setRunning(true, *local*)
2022-10-24 14:37:25,720 INFO o.a.j.e.StandardJMeterEngine: Starting ThreadGroup: 1 : Thread Group
2022-10-24 14:37:25,720 INFO o.a.j.e.StandardJMeterEngine: Starting 5 threads for group Thread Group.
2022-10-24 14:37:25,720 INFO o.a.j.e.StandardJMeterEngine: Thread will continue on error
2022-10-24 14:37:25,720 INFO o.a.j.t.ThreadGroup: Starting thread group... number=1 threads=5 ramp-up=1 delayedStart=false
2022-10-24 14:37:25,720 INFO o.a.j.t.JMeterThread: Thread started: Thread Group 1-1
2022-10-24 14:37:25,721 INFO o.a.j.t.ThreadGroup: Started thread group number 1
2022-10-24 14:37:25,721 INFO o.a.j.e.StandardJMeterEngine: All thread groups have been started
2022-10-24 14:37:25,925 INFO o.a.j.t.JMeterThread: Thread started: Thread Group 1-2
2022-10-24 14:37:26,125 INFO o.a.j.t.JMeterThread: Thread started: Thread Group 1-3
2022-10-24 14:37:26,326 INFO o.a.j.t.JMeterThread: Thread started: Thread Group 1-4
2022-10-24 14:37:26,525 INFO o.a.j.t.JMeterThread: Thread started: Thread Group 1-5
2022-10-24 14:37:36,073 INFO o.a.j.t.JMeterThread: Thread is done: Thread Group 1-5
2022-10-24 14:37:36,073 INFO o.a.j.t.JMeterThread: Thread is done: Thread Group 1-3
2022-10-24 14:37:36,074 INFO o.a.j.t.JMeterThread: Thread finished: Thread Group 1-5
2022-10-24 14:37:36,074 INFO o.a.j.t.JMeterThread: Thread is done: Thread Group 1-1
2022-10-24 14:37:36,074 INFO o.a.j.t.JMeterThread: Thread finished: Thread Group 1-1
2022-10-24 14:37:36,075 INFO o.a.j.t.JMeterThread: Thread is done: Thread Group 1-2
2022-10-24 14:37:36,075 INFO o.a.j.t.JMeterThread: Thread finished: Thread Group 1-2
2022-10-24 14:37:36,074 INFO o.a.j.t.JMeterThread: Thread finished: Thread Group 1-3
2022-10-24 14:37:36,078 INFO o.a.j.t.JMeterThread: Thread is done: Thread Group 1-4
2022-10-24 14:37:36,078 INFO o.a.j.t.JMeterThread: Thread finished: Thread Group 1-4
2022-10-24 14:37:36,078 INFO o.a.j.e.StandardJMeterEngine: Notifying test listeners of end of test
2022-10-24 14:37:36,078 INFO o.a.j.g.u.JMeterMenuBar: setRunning(false, *local*)
2022-10-24 14:41:27,069 INFO o.a.j.e.StandardJMeterEngine: Running the test!
2022-10-24 14:41:27,070 INFO o.a.j.s.SampleEvent: List of sample_variables: []
2022-10-24 14:41:27,070 INFO o.a.j.g.u.JMeterMenuBar: setRunning(true, *local*)
2022-10-24 14:41:27,105 INFO o.a.j.e.StandardJMeterEngine: Starting ThreadGroup: 1 : Thread Group
2022-10-24 14:41:27,106 INFO o.a.j.e.StandardJMeterEngine: Starting 5 threads for group Thread Group.
2022-10-24 14:41:27,106 INFO o.a.j.e.StandardJMeterEngine: Thread will continue on error
2022-10-24 14:41:27,106 INFO o.a.j.t.ThreadGroup: Starting thread group... number=1 threads=5 ramp-up=1 delayedStart=false
2022-10-24 14:41:27,106 INFO o.a.j.t.JMeterThread: Thread started: Thread Group 1-1
2022-10-24 14:41:27,106 INFO o.a.j.t.ThreadGroup: Started thread group number 1
2022-10-24 14:41:27,107 INFO o.a.j.e.StandardJMeterEngine: All thread groups have been started
2022-10-24 14:41:27,311 INFO o.a.j.t.JMeterThread: Thread started: Thread Group 1-2
2022-10-24 14:41:27,511 INFO o.a.j.t.JMeterThread: Thread started: Thread Group 1-3
2022-10-24 14:41:27,711 INFO o.a.j.t.JMeterThread: Thread started: Thread Group 1-4
2022-10-24 14:41:27,912 INFO o.a.j.t.JMeterThread: Thread started: Thread Group 1-5
2022-10-24 14:41:37,391 INFO o.a.j.t.JMeterThread: Thread is done: Thread Group 1-2
2022-10-24 14:41:37,392 INFO o.a.j.t.JMeterThread: Thread finished: Thread Group 1-2
2022-10-24 14:41:37,396 INFO o.a.j.t.JMeterThread: Thread is done: Thread Group 1-1
2022-10-24 14:41:37,396 INFO o.a.j.t.JMeterThread: Thread finished: Thread Group 1-1
2022-10-24 14:41:37,397 INFO o.a.j.t.JMeterThread: Thread is done: Thread Group 1-5
2022-10-24 14:41:37,397 INFO o.a.j.t.JMeterThread: Thread finished: Thread Group 1-5
2022-10-24 14:41:37,396 INFO o.a.j.t.JMeterThread: Thread is done: Thread Group 1-4
2022-10-24 14:41:37,398 INFO o.a.j.t.JMeterThread: Thread finished: Thread Group 1-4
2022-10-24 14:41:37,427 INFO o.a.j.t.JMeterThread: Thread is done: Thread Group 1-3
2022-10-24 14:41:37,428 INFO o.a.j.t.JMeterThread: Thread finished: Thread Group 1-3
2022-10-24 14:41:37,432 INFO o.a.j.e.StandardJMeterEngine: Notifying test listeners of end of test
2022-10-24 14:41:37,432 INFO o.a.j.g.u.JMeterMenuBar: setRunning(false, *local*)
2022-10-24 14:43:44,063 INFO o.a.j.e.StandardJMeterEngine: Running the test!
2022-10-24 14:43:44,063 INFO o.a.j.s.SampleEvent: List of sample_variables: []
2022-10-24 14:43:44,064 INFO o.a.j.g.u.JMeterMenuBar: setRunning(true, *local*)
2022-10-24 14:43:44,091 INFO o.a.j.e.StandardJMeterEngine: Starting ThreadGroup: 1 : Thread Group
2022-10-24 14:43:44,091 INFO o.a.j.e.StandardJMeterEngine: Starting 5 threads for group Thread Group.
2022-10-24 14:43:44,091 INFO o.a.j.e.StandardJMeterEngine: Thread will continue on error
2022-10-24 14:43:44,091 INFO o.a.j.t.ThreadGroup: Starting thread group... number=1 threads=5 ramp-up=1 delayedStart=false
2022-10-24 14:43:44,091 INFO o.a.j.t.JMeterThread: Thread started: Thread Group 1-1
2022-10-24 14:43:44,092 INFO o.a.j.t.ThreadGroup: Started thread group number 1
2022-10-24 14:43:44,092 INFO o.a.j.e.StandardJMeterEngine: All thread groups have been started
2022-10-24 14:43:44,297 INFO o.a.j.t.JMeterThread: Thread started: Thread Group 1-2
2022-10-24 14:43:44,494 INFO o.a.j.t.JMeterThread: Thread started: Thread Group 1-3
2022-10-24 14:43:44,696 INFO o.a.j.t.JMeterThread: Thread started: Thread Group 1-4
2022-10-24 14:43:44,896 INFO o.a.j.t.JMeterThread: Thread started: Thread Group 1-5
2022-10-24 14:44:04,391 INFO o.a.j.t.JMeterThread: Thread is done: Thread Group 1-2
2022-10-24 14:44:04,391 INFO o.a.j.t.JMeterThread: Thread finished: Thread Group 1-2
2022-10-24 14:44:04,393 INFO o.a.j.t.JMeterThread: Thread is done: Thread Group 1-1
2022-10-24 14:44:04,393 INFO o.a.j.t.JMeterThread: Thread finished: Thread Group 1-1
2022-10-24 14:44:04,394 INFO o.a.j.t.JMeterThread: Thread is done: Thread Group 1-4
2022-10-24 14:44:04,394 INFO o.a.j.t.JMeterThread: Thread finished: Thread Group 1-4
2022-10-24 14:44:04,394 INFO o.a.j.t.JMeterThread: Thread is done: Thread Group 1-5
2022-10-24 14:44:04,394 INFO o.a.j.t.JMeterThread: Thread finished: Thread Group 1-5
2022-10-24 14:44:04,395 INFO o.a.j.t.JMeterThread: Thread is done: Thread Group 1-3
2022-10-24 14:44:04,395 INFO o.a.j.t.JMeterThread: Thread finished: Thread Group 1-3
2022-10-24 14:44:04,396 INFO o.a.j.e.StandardJMeterEngine: Notifying test listeners of end of test
2022-10-24 14:44:04,396 INFO o.a.j.g.u.JMeterMenuBar: setRunning(false, *local*)
2022-10-24 14:47:32,498 INFO o.a.j.e.StandardJMeterEngine: Running the test!
2022-10-24 14:47:32,498 INFO o.a.j.s.SampleEvent: List of sample_variables: []
2022-10-24 14:47:32,498 INFO o.a.j.g.u.JMeterMenuBar: setRunning(true, *local*)
2022-10-24 14:47:32,526 INFO o.a.j.e.StandardJMeterEngine: Starting ThreadGroup: 1 : Thread Group
2022-10-24 14:47:32,526 INFO o.a.j.e.StandardJMeterEngine: Starting 5 threads for group Thread Group.
2022-10-24 14:47:32,526 INFO o.a.j.e.StandardJMeterEngine: Thread will continue on error
2022-10-24 14:47:32,526 INFO o.a.j.t.ThreadGroup: Starting thread group... number=1 threads=5 ramp-up=1 delayedStart=false
2022-10-24 14:47:32,527 INFO o.a.j.t.JMeterThread: Thread started: Thread Group 1-1
2022-10-24 14:47:32,527 INFO o.a.j.t.ThreadGroup: Started thread group number 1
2022-10-24 14:47:32,527 INFO o.a.j.e.StandardJMeterEngine: All thread groups have been started
2022-10-24 14:47:32,732 INFO o.a.j.t.JMeterThread: Thread started: Thread Group 1-2
2022-10-24 14:47:32,931 INFO o.a.j.t.JMeterThread: Thread started: Thread Group 1-3
2022-10-24 14:47:33,131 INFO o.a.j.t.JMeterThread: Thread started: Thread Group 1-4
2022-10-24 14:47:33,332 INFO o.a.j.t.JMeterThread: Thread started: Thread Group 1-5
2022-10-24 14:47:52,834 INFO o.a.j.t.JMeterThread: Thread is done: Thread Group 1-1
2022-10-24 14:47:52,834 INFO o.a.j.t.JMeterThread: Thread finished: Thread Group 1-1
2022-10-24 14:47:52,970 INFO o.a.j.t.JMeterThread: Thread is done: Thread Group 1-2
2022-10-24 14:47:52,970 INFO o.a.j.t.JMeterThread: Thread finished: Thread Group 1-2
2022-10-24 14:47:53,194 INFO o.a.j.t.JMeterThread: Thread is done: Thread Group 1-3
2022-10-24 14:47:53,194 INFO o.a.j.t.JMeterThread: Thread finished: Thread Group 1-3
2022-10-24 14:47:53,350 INFO o.a.j.t.JMeterThread: Thread is done: Thread Group 1-4
2022-10-24 14:47:53,350 INFO o.a.j.t.JMeterThread: Thread finished: Thread Group 1-4
2022-10-24 14:47:53,542 INFO o.a.j.t.JMeterThread: Thread is done: Thread Group 1-5
2022-10-24 14:47:53,543 INFO o.a.j.t.JMeterThread: Thread finished: Thread Group 1-5
2022-10-24 14:47:53,546 INFO o.a.j.e.StandardJMeterEngine: Notifying test listeners of end of test
2022-10-24 14:47:53,546 INFO o.a.j.g.u.JMeterMenuBar: setRunning(false, *local*)
